MAIN                                                                                                          PAGE 1

                       1    $MOD51
0000 020020            2    jmp start
000B                   3    org 0bh
000B C28C              4    clr TCON.4
000D 32                5    reti
0020                   6    org 20h
                       7    
0020                   8    start:
0020 C3                9    clr C 
0021 758901           10    mov TMOD,#01h ;?????? ????? ?????? ??????? T0
0024 D2AF             11    setb IE.7 ;????????? ??????????
0026 D2A9             12    setb IE.1 ;????????? ?????????? ?? ??????? T/C0
0028 75A000           13    mov P2,#0h ;????? ????????
                      14    
002B                  15    Period:
002B 7400             16    mov A,#0h ;??????? ???????? ??? ??????
                      17    ;???????? ???????? ?? 250 ???
002D 758A12           18    mov TL0,#12h
0030 758CFF           19    mov TH0,#0FFh
0033 F5A0             20    mov P2,A
0035 D28C             21    setb TCON.4 ;????????? ???????
                      22    
0037                  23    next1:
0037 308DFD           24    jnb TCON.5, next1 ;???????? ?????????? ???????
003A 7440             25    mov A,#40h ;??????? 25% ?? ????????????? ????????
                      26    ;???????? 250 ???
003C 758A12           27    mov TL0,#12h
003F 758CFF           28    mov TH0,#0FFh
0042 F5A0             29    mov P2,A
0044 D28C             30    setb TCON.4 ;????????? ???????
                      31    
0046                  32    next2:
0046 2402             33    add A,#2h ;???? ???????? ?? ?????? 75% ?? ?????????
0048 F5A0             34    mov P2,A
004A 308DF9           35    jnb TCON.5,next2 ;???????? ?????????? ???????
                      36    
004D 74FF             37    mov A, #0FFh 
004F 758A12           38    mov TL0,#12h
0052 758CFF           39    mov TH0,#0FFh
0055 F5A0             40    mov P2,A
0057 D28C             41    setb TCON.4 
                      42    
0059                  43    next3:
0059 308DFD           44    jnb TCON.5,next3 
005C 747F             45    mov A,#7Fh 
005E 758A12           46    mov TL0,#12h
0061 758CFF           47    mov TH0,#0FFh
0064 F5A0             48    mov P2,A
0066 D28C             49    setb TCON.4
                      50    
0068                  51    next4:
0068 2401             52    add A,#1h 
006A F5A0             53    mov P2,A
006C 308DF9           54    jnb TCON.5,next4 
                      55    
006F 7400             56    mov A,#0h
0071 758A12           57    mov TL0,#012h
0074 758CFF           58    mov TH0,#0FFh
MAIN                                                                                                          PAGE 2

0077 F5A0             59    mov P2,A
0079 D28C             60    setb TCON.4 
                      61    
007B                  62    next5:
007B 308DFD           63    jnb TCON.5,next5 
                      64    
007E C3               65    clr C
007F 80AA             66    jmp Period 
                      67    
                      68    END

VERSION 1.2k ASSEMBLY COMPLETE, 0 ERRORS FOUND
MAIN                                                                                                          PAGE 3

IE . . . . . . . . . . . . . . .  D ADDR  00A8H  PREDEFINED  
NEXT1. . . . . . . . . . . . . .  C ADDR  0037H  
NEXT2. . . . . . . . . . . . . .  C ADDR  0046H  
NEXT3. . . . . . . . . . . . . .  C ADDR  0059H  
NEXT4. . . . . . . . . . . . . .  C ADDR  0068H  
NEXT5. . . . . . . . . . . . . .  C ADDR  007BH  
P2 . . . . . . . . . . . . . . .  D ADDR  00A0H  PREDEFINED  
PERIOD . . . . . . . . . . . . .  C ADDR  002BH  
START. . . . . . . . . . . . . .  C ADDR  0020H  
TCON . . . . . . . . . . . . . .  D ADDR  0088H  PREDEFINED  
TH0. . . . . . . . . . . . . . .  D ADDR  008CH  PREDEFINED  
TL0. . . . . . . . . . . . . . .  D ADDR  008AH  PREDEFINED  
TMOD . . . . . . . . . . . . . .  D ADDR  0089H  PREDEFINED  
